Using pre-set license
Built from '2021.1/staging' branch; Version is '2021.1.7f1 (d91830b65d9b) revision 14227504'; Using compiler version '192528614'; Build Type 'Release'
OS: 'Windows 10 Education; OS build 19043.1165; Version 2009; 64bit' Language: 'en' Physical Memory: 16247 MB
BatchMode: 1, IsHumanControllingUs: 0, StartBugReporterOnCrash: 0, Is64bit: 1, IsPro: 0

 COMMAND LINE ARGUMENTS:
C:\Program Files\Unity 2021.1.7f1\Editor\Unity.exe
-adb2
-batchMode
-noUpm
-name
AssetImportWorker0
-projectPath
D:/Game_and_Sim/2ndYear/ArgonAssault_Game_Build/ArgonAssaultGameBuild/ArgonAssualt
-logFile
Logs/AssetImportWorker0.log
-srvPort
57119
Successfully changed project path to: D:/Game_and_Sim/2ndYear/ArgonAssault_Game_Build/ArgonAssaultGameBuild/ArgonAssualt
D:/Game_and_Sim/2ndYear/ArgonAssault_Game_Build/ArgonAssaultGameBuild/ArgonAssualt
Using Asset Import Pipeline V2.
Refreshing native plugins compatible for Editor in 76.34 ms, found 1 plugins.
Preloading 0 native plugins for Editor in 0.00 ms.
Initialize engine version: 2021.1.7f1 (d91830b65d9b)
[Subsystems] Discovering subsystems at path C:/Program Files/Unity 2021.1.7f1/Editor/Data/Resources/UnitySubsystems
[Subsystems] Discovering subsystems at path D:/Game_and_Sim/2ndYear/ArgonAssault_Game_Build/ArgonAssaultGameBuild/ArgonAssualt/Assets
GfxDevice: creating device client; threaded=0; jobified=0
Direct3D:
    Version:  Direct3D 11.0 [level 11.1]
    Renderer: AMD Radeon R7 450 (ID=0x682b)
    Vendor:   ATI
    VRAM:     4076 MB
    Driver:   24.20.11020.3002
Initialize mono
Mono path[0] = 'C:/Program Files/Unity 2021.1.7f1/Editor/Data/Managed'
Mono path[1] = 'C:/Program Files/Unity 2021.1.7f1/Editor/Data/MonoBleedingEdge/lib/mono/unityjit'
Mono config path = 'C:/Program Files/Unity 2021.1.7f1/Editor/Data/MonoBleedingEdge/etc'
Using monoOptions --debugger-agent=transport=dt_socket,embedding=1,server=y,suspend=n,address=127.0.0.1:56684
Begin MonoManager ReloadAssembly
Registering precompiled unity dll's ...
Register platform support module: C:/Program Files/Unity 2021.1.7f1/Editor/Data/PlaybackEngines/WebGLSupport/UnityEditor.WebGL.Extensions.dll
Register platform support module: C:/Program Files/Unity 2021.1.7f1/Editor/Data/PlaybackEngines/WindowsStandaloneSupport/UnityEditor.WindowsStandalone.Extensions.dll
Registered in 0.001725 seconds.
Native extension for WindowsStandalone target not found
Native extension for WebGL target not found
Refreshing native plugins compatible for Editor in 83.85 ms, found 1 plugins.
Preloading 0 native plugins for Editor in 0.00 ms.
Mono: successfully reloaded assembly
- Completed reload, in  1.299 seconds
Platform modules already initialized, skipping
Registering precompiled user dll's ...
Registered in 0.002554 seconds.
Begin MonoManager ReloadAssembly
Symbol file LoadedFromMemory doesn't match image D:\Game_and_Sim\2ndYear\ArgonAssault_Game_Build\ArgonAssaultGameBuild\ArgonAssualt\Library\PackageCache\com.unity.visualscripting@1.6.1\Editor\VisualScripting.Core\Dependencies\YamlDotNet\Unity.VisualScripting.YamlDotNet.dll
Symbol file LoadedFromMemory doesn't match image D:\Game_and_Sim\2ndYear\ArgonAssault_Game_Build\ArgonAssaultGameBuild\ArgonAssualt\Library\PackageCache\com.unity.visualscripting@1.6.1\Editor\VisualScripting.Core\Dependencies\DotNetZip\Unity.VisualScripting.IonicZip.dll
Native extension for WindowsStandalone target not found
Native extension for WebGL target not found
Refreshing native plugins compatible for Editor in 78.29 ms, found 1 plugins.
Preloading 0 native plugins for Editor in 0.00 ms.
Mono: successfully reloaded assembly
- Completed reload, in  1.345 seconds
Platform modules already initialized, skipping
========================================================================
Worker process is ready to serve import requests
Launched and connected shader compiler UnityShaderCompiler.exe after 0.03 seconds
Refreshing native plugins compatible for Editor in 0.52 ms, found 1 plugins.
Preloading 0 native plugins for Editor in 0.00 ms.
Unloading 2887 Unused Serialized files (Serialized files now loaded: 0)
System memory in use before: 208.3 MB.
System memory in use after: 208.3 MB.

Unloading 27 unused Assets to reduce memory usage. Loaded Objects now: 3374.
Total: 2.340600 ms (FindLiveObjects: 0.352000 ms CreateObjectMapping: 0.194500 ms MarkObjects: 1.630500 ms  DeleteObjects: 0.162300 ms)

========================================================================
Received Import Request.
  path: Assets/Scripts/PlayerControls.cs
  artifactKey: Guid(cfb966b11ce2a844680021c455564280) Importer(815301076,1909f56bfc062723c751e8b465ee728b)
Start importing Assets/Scripts/PlayerControls.cs using Guid(cfb966b11ce2a844680021c455564280) Importer(815301076,1909f56bfc062723c751e8b465ee728b)  -> (artifact id: '607403c891f1d330d918c280b7f62eab') in 0.080789 seconds 
========================================================================
Received Import Request.
  Time since last request: 0.167847 seconds.
  path: Assets/Scripts/CollisionHandler.cs
  artifactKey: Guid(c64832904b7bdbd40af319398e5819b8) Importer(815301076,1909f56bfc062723c751e8b465ee728b)
Start importing Assets/Scripts/CollisionHandler.cs using Guid(c64832904b7bdbd40af319398e5819b8) Importer(815301076,1909f56bfc062723c751e8b465ee728b)  -> (artifact id: '1d023e3e448a1b5cfb835cce8ebc0bff') in 0.008574 seconds 
========================================================================
Received Import Request.
  Time since last request: 8.135137 seconds.
  path: Assets/Scripts/Enemy.cs
  artifactKey: Guid(87d88152966cb1e4ba8a18248e9e1961) Importer(815301076,1909f56bfc062723c751e8b465ee728b)
Start importing Assets/Scripts/Enemy.cs using Guid(87d88152966cb1e4ba8a18248e9e1961) Importer(815301076,1909f56bfc062723c751e8b465ee728b)  -> (artifact id: '81e9898879462e33b8f916caf3008bfd') in 0.007321 seconds 
========================================================================
Received Prepare
Registering precompiled user dll's ...
Registered in 0.002165 seconds.
Begin MonoManager ReloadAssembly
Symbol file LoadedFromMemory doesn't match image D:\Game_and_Sim\2ndYear\ArgonAssault_Game_Build\ArgonAssaultGameBuild\ArgonAssualt\Library\PackageCache\com.unity.visualscripting@1.6.1\Editor\VisualScripting.Core\Dependencies\YamlDotNet\Unity.VisualScripting.YamlDotNet.dll
Symbol file LoadedFromMemory doesn't match image D:\Game_and_Sim\2ndYear\ArgonAssault_Game_Build\ArgonAssaultGameBuild\ArgonAssualt\Library\PackageCache\com.unity.visualscripting@1.6.1\Editor\VisualScripting.Core\Dependencies\DotNetZip\Unity.VisualScripting.IonicZip.dll
Native extension for WindowsStandalone target not found
Native extension for WebGL target not found
Refreshing native plugins compatible for Editor in 0.51 ms, found 1 plugins.
Preloading 0 native plugins for Editor in 0.00 ms.
Mono: successfully reloaded assembly
- Completed reload, in  0.998 seconds
Platform modules already initialized, skipping
Refreshing native plugins compatible for Editor in 0.52 ms, found 1 plugins.
Preloading 0 native plugins for Editor in 0.00 ms.
Unloading 2828 Unused Serialized files (Serialized files now loaded: 0)
System memory in use before: 202.9 MB.
System memory in use after: 202.9 MB.

Unloading 12 unused Assets to reduce memory usage. Loaded Objects now: 3377.
Total: 1.938900 ms (FindLiveObjects: 0.203100 ms CreateObjectMapping: 0.109000 ms MarkObjects: 1.495400 ms  DeleteObjects: 0.130300 ms)

========================================================================
Received Import Request.
  Time since last request: 356.788341 seconds.
  path: Assets/Scenes/Level1
  artifactKey: Guid(9f4b9223b6d1a844880096ceabdae318) Importer(815301076,1909f56bfc062723c751e8b465ee728b)
Start importing Assets/Scenes/Level1 using Guid(9f4b9223b6d1a844880096ceabdae318) Importer(815301076,1909f56bfc062723c751e8b465ee728b)  -> (artifact id: '33571f7f29e398bce50d4d54de5c02e2') in 0.017333 seconds 
========================================================================
Received Import Request.
  Time since last request: 2.111084 seconds.
  path: Assets/Scenes/Level1/LightingData.asset
  artifactKey: Guid(ee5b0f17a22569f48b7a99ede00f3108) Importer(815301076,1909f56bfc062723c751e8b465ee728b)
Start importing Assets/Scenes/Level1/LightingData.asset using Guid(ee5b0f17a22569f48b7a99ede00f3108) Importer(815301076,1909f56bfc062723c751e8b465ee728b)  -> (artifact id: '9809babcd374b18fa8ea84bbad0fa7cb') in 0.020894 seconds 
========================================================================
Received Import Request.
  Time since last request: 0.000216 seconds.
  path: Assets/Scenes/Level1/Lightmap-0_comp_light.exr
  artifactKey: Guid(1ed80320672e3a7449baeebc4a2170ae) Importer(815301076,1909f56bfc062723c751e8b465ee728b)
Start importing Assets/Scenes/Level1/Lightmap-0_comp_light.exr using Guid(1ed80320672e3a7449baeebc4a2170ae) Importer(815301076,1909f56bfc062723c751e8b465ee728b)  -> (artifact id: '04fa0d382bf7693a228b66b6a090f441') in 0.113960 seconds 
========================================================================
Received Import Request.
  Time since last request: 0.000415 seconds.
  path: Assets/Scenes/Level1/ReflectionProbe-0.exr
  artifactKey: Guid(c532c94fa3e00b44a92c43292fae8931) Importer(815301076,1909f56bfc062723c751e8b465ee728b)
Start importing Assets/Scenes/Level1/ReflectionProbe-0.exr using Guid(c532c94fa3e00b44a92c43292fae8931) Importer(815301076,1909f56bfc062723c751e8b465ee728b)  -> (artifact id: '1d229dc998f765a8c61b07dc14d02e8d') in 0.216478 seconds 
========================================================================
Received Import Request.
  Time since last request: 0.000224 seconds.
  path: Assets/Scenes/Level1/Lightmap-0_comp_shadowmask.png
  artifactKey: Guid(4d3391342681a234a833c47a7c578688) Importer(815301076,1909f56bfc062723c751e8b465ee728b)
Start importing Assets/Scenes/Level1/Lightmap-0_comp_shadowmask.png using Guid(4d3391342681a234a833c47a7c578688) Importer(815301076,1909f56bfc062723c751e8b465ee728b)  -> (artifact id: '83428312e83b7e158aee42473d8daf91') in 0.096840 seconds 
========================================================================
Received Import Request.
  Time since last request: 0.000227 seconds.
  path: Assets/Scenes/Level1/Lightmap-0_comp_dir.png
  artifactKey: Guid(6a38a3c2e9785044d82a557532c4da29) Importer(815301076,1909f56bfc062723c751e8b465ee728b)
Start importing Assets/Scenes/Level1/Lightmap-0_comp_dir.png using Guid(6a38a3c2e9785044d82a557532c4da29) Importer(815301076,1909f56bfc062723c751e8b465ee728b)  -> (artifact id: '81052356e0a8c274b891135dcab3359d') in 0.025025 seconds 
========================================================================
Received Import Request.
  Time since last request: 25.997814 seconds.
  path: Assets/SpritesAndAssets/Level1/Lightmap-0_comp_dir.png
  artifactKey: Guid(6a38a3c2e9785044d82a557532c4da29) Importer(815301076,1909f56bfc062723c751e8b465ee728b)
Start importing Assets/SpritesAndAssets/Level1/Lightmap-0_comp_dir.png using Guid(6a38a3c2e9785044d82a557532c4da29) Importer(815301076,1909f56bfc062723c751e8b465ee728b)  -> (artifact id: '40cc7cbdea1a4c743edd8f7d3f7f1943') in 0.018801 seconds 
========================================================================
Received Import Request.
  Time since last request: 0.000187 seconds.
  path: Assets/SpritesAndAssets/Level1/Lightmap-0_comp_light.exr
  artifactKey: Guid(1ed80320672e3a7449baeebc4a2170ae) Importer(815301076,1909f56bfc062723c751e8b465ee728b)
Start importing Assets/SpritesAndAssets/Level1/Lightmap-0_comp_light.exr using Guid(1ed80320672e3a7449baeebc4a2170ae) Importer(815301076,1909f56bfc062723c751e8b465ee728b)  -> (artifact id: '50b959fcfa0e14143d15a8104b3479ec') in 0.018819 seconds 
========================================================================
Received Import Request.
  Time since last request: 0.000259 seconds.
  path: Assets/SpritesAndAssets/Level1/ReflectionProbe-0.exr
  artifactKey: Guid(c532c94fa3e00b44a92c43292fae8931) Importer(815301076,1909f56bfc062723c751e8b465ee728b)
Start importing Assets/SpritesAndAssets/Level1/ReflectionProbe-0.exr using Guid(c532c94fa3e00b44a92c43292fae8931) Importer(815301076,1909f56bfc062723c751e8b465ee728b)  -> (artifact id: 'b598cc794d8a7bae95b38e9746e730f2') in 0.019132 seconds 
========================================================================
Received Import Request.
  Time since last request: 0.000261 seconds.
  path: Assets/SpritesAndAssets/Level1/Lightmap-0_comp_shadowmask.png
  artifactKey: Guid(4d3391342681a234a833c47a7c578688) Importer(815301076,1909f56bfc062723c751e8b465ee728b)
Start importing Assets/SpritesAndAssets/Level1/Lightmap-0_comp_shadowmask.png using Guid(4d3391342681a234a833c47a7c578688) Importer(815301076,1909f56bfc062723c751e8b465ee728b)  -> (artifact id: '2575a2533a2c156924d209a939e0a3c1') in 0.019557 seconds 
========================================================================
Received Import Request.
  Time since last request: 8.794747 seconds.
  path: Assets/Scenes/MainMenu.unity
  artifactKey: Guid(e78683ee9b3c9b54c8dac3117cda7402) Importer(815301076,1909f56bfc062723c751e8b465ee728b)
Start importing Assets/Scenes/MainMenu.unity using Guid(e78683ee9b3c9b54c8dac3117cda7402) Importer(815301076,1909f56bfc062723c751e8b465ee728b)  -> (artifact id: '428e8745d9b8d08b6ceab6a151c52bc2') in 0.008888 seconds 
========================================================================
Received Prepare
Registering precompiled user dll's ...
Registered in 0.002332 seconds.
Begin MonoManager ReloadAssembly
Symbol file LoadedFromMemory doesn't match image D:\Game_and_Sim\2ndYear\ArgonAssault_Game_Build\ArgonAssaultGameBuild\ArgonAssualt\Library\PackageCache\com.unity.visualscripting@1.6.1\Editor\VisualScripting.Core\Dependencies\YamlDotNet\Unity.VisualScripting.YamlDotNet.dll
Symbol file LoadedFromMemory doesn't match image D:\Game_and_Sim\2ndYear\ArgonAssault_Game_Build\ArgonAssaultGameBuild\ArgonAssualt\Library\PackageCache\com.unity.visualscripting@1.6.1\Editor\VisualScripting.Core\Dependencies\DotNetZip\Unity.VisualScripting.IonicZip.dll
Native extension for WindowsStandalone target not found
Native extension for WebGL target not found
Refreshing native plugins compatible for Editor in 0.67 ms, found 1 plugins.
Preloading 0 native plugins for Editor in 0.00 ms.
Mono: successfully reloaded assembly
- Completed reload, in  1.168 seconds
Platform modules already initialized, skipping
Refreshing native plugins compatible for Editor in 0.57 ms, found 1 plugins.
Preloading 0 native plugins for Editor in 0.00 ms.
Unloading 2832 Unused Serialized files (Serialized files now loaded: 0)
System memory in use before: 215.7 MB.
System memory in use after: 215.7 MB.

Unloading 12 unused Assets to reduce memory usage. Loaded Objects now: 3531.
Total: 2.527000 ms (FindLiveObjects: 0.257700 ms CreateObjectMapping: 0.143400 ms MarkObjects: 1.935600 ms  DeleteObjects: 0.188400 ms)

========================================================================
Received Prepare
Registering precompiled user dll's ...
Registered in 0.002165 seconds.
Begin MonoManager ReloadAssembly
Symbol file LoadedFromMemory doesn't match image D:\Game_and_Sim\2ndYear\ArgonAssault_Game_Build\ArgonAssaultGameBuild\ArgonAssualt\Library\PackageCache\com.unity.visualscripting@1.6.1\Editor\VisualScripting.Core\Dependencies\YamlDotNet\Unity.VisualScripting.YamlDotNet.dll
Symbol file LoadedFromMemory doesn't match image D:\Game_and_Sim\2ndYear\ArgonAssault_Game_Build\ArgonAssaultGameBuild\ArgonAssualt\Library\PackageCache\com.unity.visualscripting@1.6.1\Editor\VisualScripting.Core\Dependencies\DotNetZip\Unity.VisualScripting.IonicZip.dll
Native extension for WindowsStandalone target not found
Native extension for WebGL target not found
Refreshing native plugins compatible for Editor in 0.50 ms, found 1 plugins.
Preloading 0 native plugins for Editor in 0.00 ms.
Mono: successfully reloaded assembly
- Completed reload, in  1.065 seconds
Platform modules already initialized, skipping
Refreshing native plugins compatible for Editor in 0.65 ms, found 1 plugins.
Preloading 0 native plugins for Editor in 0.00 ms.
Unloading 2828 Unused Serialized files (Serialized files now loaded: 0)
System memory in use before: 215.6 MB.
System memory in use after: 215.6 MB.

Unloading 12 unused Assets to reduce memory usage. Loaded Objects now: 3534.
Total: 2.784100 ms (FindLiveObjects: 0.283500 ms CreateObjectMapping: 0.157700 ms MarkObjects: 2.122000 ms  DeleteObjects: 0.219600 ms)

========================================================================
Received Import Request.
  Time since last request: 1993.736144 seconds.
  path: Assets/Scripts/MainMenu.cs
  artifactKey: Guid(b85e1905c4f898e42ab986ad03dae2f8) Importer(815301076,1909f56bfc062723c751e8b465ee728b)
Start importing Assets/Scripts/MainMenu.cs using Guid(b85e1905c4f898e42ab986ad03dae2f8) Importer(815301076,1909f56bfc062723c751e8b465ee728b)  -> (artifact id: '7e0f6ca44ec84245246948c3e611b827') in 0.013552 seconds 
========================================================================
Received Prepare
Registering precompiled user dll's ...
Registered in 0.002239 seconds.
Begin MonoManager ReloadAssembly
Symbol file LoadedFromMemory doesn't match image D:\Game_and_Sim\2ndYear\ArgonAssault_Game_Build\ArgonAssaultGameBuild\ArgonAssualt\Library\PackageCache\com.unity.visualscripting@1.6.1\Editor\VisualScripting.Core\Dependencies\YamlDotNet\Unity.VisualScripting.YamlDotNet.dll
Symbol file LoadedFromMemory doesn't match image D:\Game_and_Sim\2ndYear\ArgonAssault_Game_Build\ArgonAssaultGameBuild\ArgonAssualt\Library\PackageCache\com.unity.visualscripting@1.6.1\Editor\VisualScripting.Core\Dependencies\DotNetZip\Unity.VisualScripting.IonicZip.dll
Native extension for WindowsStandalone target not found
Native extension for WebGL target not found
Refreshing native plugins compatible for Editor in 0.82 ms, found 1 plugins.
Preloading 0 native plugins for Editor in 0.00 ms.
Mono: successfully reloaded assembly
- Completed reload, in  1.145 seconds
Platform modules already initialized, skipping
Refreshing native plugins compatible for Editor in 0.53 ms, found 1 plugins.
Preloading 0 native plugins for Editor in 0.00 ms.
Unloading 2829 Unused Serialized files (Serialized files now loaded: 0)
System memory in use before: 215.6 MB.
System memory in use after: 215.6 MB.

Unloading 12 unused Assets to reduce memory usage. Loaded Objects now: 3538.
Total: 2.116800 ms (FindLiveObjects: 0.232400 ms CreateObjectMapping: 0.136500 ms MarkObjects: 1.591800 ms  DeleteObjects: 0.155000 ms)

========================================================================
Received Prepare
Registering precompiled user dll's ...
Registered in 0.002075 seconds.
Begin MonoManager ReloadAssembly
Symbol file LoadedFromMemory doesn't match image D:\Game_and_Sim\2ndYear\ArgonAssault_Game_Build\ArgonAssaultGameBuild\ArgonAssualt\Library\PackageCache\com.unity.visualscripting@1.6.1\Editor\VisualScripting.Core\Dependencies\YamlDotNet\Unity.VisualScripting.YamlDotNet.dll
Symbol file LoadedFromMemory doesn't match image D:\Game_and_Sim\2ndYear\ArgonAssault_Game_Build\ArgonAssaultGameBuild\ArgonAssualt\Library\PackageCache\com.unity.visualscripting@1.6.1\Editor\VisualScripting.Core\Dependencies\DotNetZip\Unity.VisualScripting.IonicZip.dll
Native extension for WindowsStandalone target not found
Native extension for WebGL target not found
Refreshing native plugins compatible for Editor in 1.06 ms, found 1 plugins.
Preloading 0 native plugins for Editor in 0.00 ms.
Mono: successfully reloaded assembly
- Completed reload, in  1.136 seconds
Platform modules already initialized, skipping
Refreshing native plugins compatible for Editor in 0.62 ms, found 1 plugins.
Preloading 0 native plugins for Editor in 0.00 ms.
Unloading 2829 Unused Serialized files (Serialized files now loaded: 0)
System memory in use before: 215.6 MB.
System memory in use after: 215.7 MB.

Unloading 12 unused Assets to reduce memory usage. Loaded Objects now: 3541.
Total: 2.410900 ms (FindLiveObjects: 0.265200 ms CreateObjectMapping: 0.137800 ms MarkObjects: 1.840500 ms  DeleteObjects: 0.166300 ms)

========================================================================
Received Import Request.
  Time since last request: 245.524352 seconds.
  path: Assets/Scripts/MainMenu.cs
  artifactKey: Guid(b85e1905c4f898e42ab986ad03dae2f8) Importer(815301076,1909f56bfc062723c751e8b465ee728b)
Start importing Assets/Scripts/MainMenu.cs using Guid(b85e1905c4f898e42ab986ad03dae2f8) Importer(815301076,1909f56bfc062723c751e8b465ee728b)  -> (artifact id: 'f199e8b7f6783868ef1665b51f2030e4') in 0.011289 seconds 
========================================================================
Received Prepare
Registering precompiled user dll's ...
Registered in 0.003420 seconds.
Begin MonoManager ReloadAssembly
Symbol file LoadedFromMemory doesn't match image D:\Game_and_Sim\2ndYear\ArgonAssault_Game_Build\ArgonAssaultGameBuild\ArgonAssualt\Library\PackageCache\com.unity.visualscripting@1.6.1\Editor\VisualScripting.Core\Dependencies\YamlDotNet\Unity.VisualScripting.YamlDotNet.dll
Symbol file LoadedFromMemory doesn't match image D:\Game_and_Sim\2ndYear\ArgonAssault_Game_Build\ArgonAssaultGameBuild\ArgonAssualt\Library\PackageCache\com.unity.visualscripting@1.6.1\Editor\VisualScripting.Core\Dependencies\DotNetZip\Unity.VisualScripting.IonicZip.dll
Native extension for WindowsStandalone target not found
Native extension for WebGL target not found
Refreshing native plugins compatible for Editor in 0.53 ms, found 1 plugins.
Preloading 0 native plugins for Editor in 0.00 ms.
Mono: successfully reloaded assembly
- Completed reload, in  1.138 seconds
Platform modules already initialized, skipping
Refreshing native plugins compatible for Editor in 0.51 ms, found 1 plugins.
Preloading 0 native plugins for Editor in 0.00 ms.
Unloading 2829 Unused Serialized files (Serialized files now loaded: 0)
System memory in use before: 215.7 MB.
System memory in use after: 215.7 MB.

Unloading 12 unused Assets to reduce memory usage. Loaded Objects now: 3544.
Total: 2.252400 ms (FindLiveObjects: 0.300400 ms CreateObjectMapping: 0.174600 ms MarkObjects: 1.635100 ms  DeleteObjects: 0.141300 ms)

========================================================================
Received Prepare
Registering precompiled user dll's ...
Registered in 0.002746 seconds.
Begin MonoManager ReloadAssembly
Symbol file LoadedFromMemory doesn't match image D:\Game_and_Sim\2ndYear\ArgonAssault_Game_Build\ArgonAssaultGameBuild\ArgonAssualt\Library\PackageCache\com.unity.visualscripting@1.6.1\Editor\VisualScripting.Core\Dependencies\YamlDotNet\Unity.VisualScripting.YamlDotNet.dll
Symbol file LoadedFromMemory doesn't match image D:\Game_and_Sim\2ndYear\ArgonAssault_Game_Build\ArgonAssaultGameBuild\ArgonAssualt\Library\PackageCache\com.unity.visualscripting@1.6.1\Editor\VisualScripting.Core\Dependencies\DotNetZip\Unity.VisualScripting.IonicZip.dll
Native extension for WindowsStandalone target not found
Native extension for WebGL target not found
Refreshing native plugins compatible for Editor in 1.07 ms, found 1 plugins.
Preloading 0 native plugins for Editor in 0.00 ms.
Mono: successfully reloaded assembly
- Completed reload, in  1.156 seconds
Platform modules already initialized, skipping
Refreshing native plugins compatible for Editor in 0.79 ms, found 1 plugins.
Preloading 0 native plugins for Editor in 0.00 ms.
Unloading 2829 Unused Serialized files (Serialized files now loaded: 0)
System memory in use before: 215.7 MB.
System memory in use after: 215.7 MB.

Unloading 12 unused Assets to reduce memory usage. Loaded Objects now: 3547.
Total: 2.659200 ms (FindLiveObjects: 0.228600 ms CreateObjectMapping: 0.122800 ms MarkObjects: 2.157800 ms  DeleteObjects: 0.148800 ms)

========================================================================
Received Import Request.
  Time since last request: 192.267126 seconds.
  path: Assets/SpritesAndAssets/StarSparrow/Textures/BonusContent/Asteroids/AsteroidsLava_Blue.png
  artifactKey: Guid(9c6df97ed7064654ea974c842c85ea3d) Importer(815301076,1909f56bfc062723c751e8b465ee728b)
Start importing Assets/SpritesAndAssets/StarSparrow/Textures/BonusContent/Asteroids/AsteroidsLava_Blue.png using Guid(9c6df97ed7064654ea974c842c85ea3d) Importer(815301076,1909f56bfc062723c751e8b465ee728b)  -> (artifact id: '506734c1e45b265cabb3b5c9da8b12bd') in 0.059735 seconds 
========================================================================
Received Import Request.
  Time since last request: 0.000308 seconds.
  path: Assets/SpritesAndAssets/StarSparrow/Textures/BonusContent/Asteroids/AsteroidsLava_Normal.png
  artifactKey: Guid(3f67e2f5233dc6546a70f67b5c084495) Importer(815301076,1909f56bfc062723c751e8b465ee728b)
Start importing Assets/SpritesAndAssets/StarSparrow/Textures/BonusContent/Asteroids/AsteroidsLava_Normal.png using Guid(3f67e2f5233dc6546a70f67b5c084495) Importer(815301076,1909f56bfc062723c751e8b465ee728b)  -> (artifact id: 'a6e2b38295a3f6583ce3b903d65c19ee') in 0.039404 seconds 
========================================================================
Received Import Request.
  Time since last request: 0.000192 seconds.
  path: Assets/SpritesAndAssets/StarSparrow/Textures/BonusContent/Asteroids/AsteroidsLava_EmissionBlue.png
  artifactKey: Guid(853e3999ffda83a44a905e31b9b2f8a0) Importer(815301076,1909f56bfc062723c751e8b465ee728b)
Start importing Assets/SpritesAndAssets/StarSparrow/Textures/BonusContent/Asteroids/AsteroidsLava_EmissionBlue.png using Guid(853e3999ffda83a44a905e31b9b2f8a0) Importer(815301076,1909f56bfc062723c751e8b465ee728b)  -> (artifact id: 'd6e2112cb3a9000e8a12a9b2a641b920') in 0.029170 seconds 
========================================================================
Received Import Request.
  Time since last request: 0.000216 seconds.
  path: Assets/SpritesAndAssets/StarSparrow/Textures/BonusContent/Asteroids/AsteroidsLava_EmissionRed.png
  artifactKey: Guid(e313900dfc5e97e418383a91c126fe36) Importer(815301076,1909f56bfc062723c751e8b465ee728b)
Start importing Assets/SpritesAndAssets/StarSparrow/Textures/BonusContent/Asteroids/AsteroidsLava_EmissionRed.png using Guid(e313900dfc5e97e418383a91c126fe36) Importer(815301076,1909f56bfc062723c751e8b465ee728b)  -> (artifact id: 'fd39c5e125b1bcae8c3d43c71e2d0e77') in 0.028552 seconds 
========================================================================
Received Import Request.
  Time since last request: 0.000476 seconds.
  path: Assets/SpritesAndAssets/StarSparrow/Textures/BonusContent/Asteroids/AsteroidsLava_Grey.png
  artifactKey: Guid(795d73f8d514ef943bdeca72975d452d) Importer(815301076,1909f56bfc062723c751e8b465ee728b)
Start importing Assets/SpritesAndAssets/StarSparrow/Textures/BonusContent/Asteroids/AsteroidsLava_Grey.png using Guid(795d73f8d514ef943bdeca72975d452d) Importer(815301076,1909f56bfc062723c751e8b465ee728b)  -> (artifact id: 'ff8ad8e6212301020db83c0eb859a024') in 0.026473 seconds 
========================================================================
Received Import Request.
  Time since last request: 0.000182 seconds.
  path: Assets/SpritesAndAssets/StarSparrow/Textures/BonusContent/Asteroids/AsteroidsLava_Red.png
  artifactKey: Guid(5712fdd066d766b498459de6a869ba0e) Importer(815301076,1909f56bfc062723c751e8b465ee728b)
Start importing Assets/SpritesAndAssets/StarSparrow/Textures/BonusContent/Asteroids/AsteroidsLava_Red.png using Guid(5712fdd066d766b498459de6a869ba0e) Importer(815301076,1909f56bfc062723c751e8b465ee728b)  -> (artifact id: 'a24acb5d806e62f297f451ff8ad1bdd3') in 0.024929 seconds 
========================================================================
Received Prepare
Registering precompiled user dll's ...
Registered in 0.002252 seconds.
Begin MonoManager ReloadAssembly
Symbol file LoadedFromMemory doesn't match image D:\Game_and_Sim\2ndYear\ArgonAssault_Game_Build\ArgonAssaultGameBuild\ArgonAssualt\Library\PackageCache\com.unity.visualscripting@1.6.1\Editor\VisualScripting.Core\Dependencies\YamlDotNet\Unity.VisualScripting.YamlDotNet.dll
Symbol file LoadedFromMemory doesn't match image D:\Game_and_Sim\2ndYear\ArgonAssault_Game_Build\ArgonAssaultGameBuild\ArgonAssualt\Library\PackageCache\com.unity.visualscripting@1.6.1\Editor\VisualScripting.Core\Dependencies\DotNetZip\Unity.VisualScripting.IonicZip.dll
Native extension for WindowsStandalone target not found
Native extension for WebGL target not found
Refreshing native plugins compatible for Editor in 0.71 ms, found 1 plugins.
Preloading 0 native plugins for Editor in 0.00 ms.
Mono: successfully reloaded assembly
- Completed reload, in  1.062 seconds
Platform modules already initialized, skipping
Refreshing native plugins compatible for Editor in 0.56 ms, found 1 plugins.
Preloading 0 native plugins for Editor in 0.00 ms.
Unloading 2835 Unused Serialized files (Serialized files now loaded: 0)
System memory in use before: 223.0 MB.
System memory in use after: 223.0 MB.

Unloading 12 unused Assets to reduce memory usage. Loaded Objects now: 3642.
Total: 2.055400 ms (FindLiveObjects: 0.237500 ms CreateObjectMapping: 0.122100 ms MarkObjects: 1.562900 ms  DeleteObjects: 0.132100 ms)

========================================================================
Received Prepare
Registering precompiled user dll's ...
Registered in 0.002144 seconds.
Begin MonoManager ReloadAssembly
Symbol file LoadedFromMemory doesn't match image D:\Game_and_Sim\2ndYear\ArgonAssault_Game_Build\ArgonAssaultGameBuild\ArgonAssualt\Library\PackageCache\com.unity.visualscripting@1.6.1\Editor\VisualScripting.Core\Dependencies\YamlDotNet\Unity.VisualScripting.YamlDotNet.dll
Symbol file LoadedFromMemory doesn't match image D:\Game_and_Sim\2ndYear\ArgonAssault_Game_Build\ArgonAssaultGameBuild\ArgonAssualt\Library\PackageCache\com.unity.visualscripting@1.6.1\Editor\VisualScripting.Core\Dependencies\DotNetZip\Unity.VisualScripting.IonicZip.dll
Native extension for WindowsStandalone target not found
Native extension for WebGL target not found
Refreshing native plugins compatible for Editor in 0.51 ms, found 1 plugins.
Preloading 0 native plugins for Editor in 0.00 ms.
Mono: successfully reloaded assembly
- Completed reload, in  0.984 seconds
Platform modules already initialized, skipping
Refreshing native plugins compatible for Editor in 0.52 ms, found 1 plugins.
Preloading 0 native plugins for Editor in 0.00 ms.
Unloading 2829 Unused Serialized files (Serialized files now loaded: 0)
System memory in use before: 222.8 MB.
System memory in use after: 222.8 MB.

Unloading 12 unused Assets to reduce memory usage. Loaded Objects now: 3645.
Total: 2.031400 ms (FindLiveObjects: 0.238400 ms CreateObjectMapping: 0.118600 ms MarkObjects: 1.529200 ms  DeleteObjects: 0.144100 ms)

========================================================================
Received Prepare
Registering precompiled user dll's ...
Registered in 0.002086 seconds.
Begin MonoManager ReloadAssembly
Symbol file LoadedFromMemory doesn't match image D:\Game_and_Sim\2ndYear\ArgonAssault_Game_Build\ArgonAssaultGameBuild\ArgonAssualt\Library\PackageCache\com.unity.visualscripting@1.6.1\Editor\VisualScripting.Core\Dependencies\YamlDotNet\Unity.VisualScripting.YamlDotNet.dll
Symbol file LoadedFromMemory doesn't match image D:\Game_and_Sim\2ndYear\ArgonAssault_Game_Build\ArgonAssaultGameBuild\ArgonAssualt\Library\PackageCache\com.unity.visualscripting@1.6.1\Editor\VisualScripting.Core\Dependencies\DotNetZip\Unity.VisualScripting.IonicZip.dll
Native extension for WindowsStandalone target not found
Native extension for WebGL target not found
Refreshing native plugins compatible for Editor in 0.52 ms, found 1 plugins.
Preloading 0 native plugins for Editor in 0.00 ms.
Mono: successfully reloaded assembly
- Completed reload, in  0.959 seconds
Platform modules already initialized, skipping
Refreshing native plugins compatible for Editor in 0.54 ms, found 1 plugins.
Preloading 0 native plugins for Editor in 0.00 ms.
Unloading 2829 Unused Serialized files (Serialized files now loaded: 0)
System memory in use before: 222.8 MB.
System memory in use after: 222.8 MB.

Unloading 12 unused Assets to reduce memory usage. Loaded Objects now: 3648.
Total: 2.086800 ms (FindLiveObjects: 0.233300 ms CreateObjectMapping: 0.123500 ms MarkObjects: 1.587400 ms  DeleteObjects: 0.141900 ms)

========================================================================
Received Import Request.
  Time since last request: 469.727353 seconds.
  path: Assets/Scenes/Level1.unity
  artifactKey: Guid(9fc0d4010bbf28b4594072e72b8655ab) Importer(815301076,1909f56bfc062723c751e8b465ee728b)
Start importing Assets/Scenes/Level1.unity using Guid(9fc0d4010bbf28b4594072e72b8655ab) Importer(815301076,1909f56bfc062723c751e8b465ee728b)  -> (artifact id: 'aa3a80ed3b57483f6abab40f25e19f4c') in 0.020785 seconds 
========================================================================
Received Import Request.
  Time since last request: 25.461638 seconds.
  path: Assets/Scripts/SelfDestruct.cs
  artifactKey: Guid(c79bc7c46b1342748af499484484f67e) Importer(815301076,1909f56bfc062723c751e8b465ee728b)
Start importing Assets/Scripts/SelfDestruct.cs using Guid(c79bc7c46b1342748af499484484f67e) Importer(815301076,1909f56bfc062723c751e8b465ee728b)  -> (artifact id: '015301c0beb8c8b5411f60461f0cec51') in 0.012119 seconds 
========================================================================
Received Prepare
Registering precompiled user dll's ...
Registered in 0.002058 seconds.
Begin MonoManager ReloadAssembly
Symbol file LoadedFromMemory doesn't match image D:\Game_and_Sim\2ndYear\ArgonAssault_Game_Build\ArgonAssaultGameBuild\ArgonAssualt\Library\PackageCache\com.unity.visualscripting@1.6.1\Editor\VisualScripting.Core\Dependencies\YamlDotNet\Unity.VisualScripting.YamlDotNet.dll
Symbol file LoadedFromMemory doesn't match image D:\Game_and_Sim\2ndYear\ArgonAssault_Game_Build\ArgonAssaultGameBuild\ArgonAssualt\Library\PackageCache\com.unity.visualscripting@1.6.1\Editor\VisualScripting.Core\Dependencies\DotNetZip\Unity.VisualScripting.IonicZip.dll
Native extension for WindowsStandalone target not found
Native extension for WebGL target not found
Refreshing native plugins compatible for Editor in 0.83 ms, found 1 plugins.
Preloading 0 native plugins for Editor in 0.00 ms.
Mono: successfully reloaded assembly
- Completed reload, in  1.068 seconds
Platform modules already initialized, skipping
Refreshing native plugins compatible for Editor in 1.17 ms, found 1 plugins.
Preloading 0 native plugins for Editor in 0.00 ms.
Unloading 2830 Unused Serialized files (Serialized files now loaded: 0)
System memory in use before: 222.9 MB.
System memory in use after: 222.9 MB.

Unloading 12 unused Assets to reduce memory usage. Loaded Objects now: 3652.
Total: 2.093600 ms (FindLiveObjects: 0.238700 ms CreateObjectMapping: 0.133200 ms MarkObjects: 1.581900 ms  DeleteObjects: 0.138900 ms)

========================================================================
Received Prepare
Registering precompiled user dll's ...
Registered in 0.002337 seconds.
Begin MonoManager ReloadAssembly
Symbol file LoadedFromMemory doesn't match image D:\Game_and_Sim\2ndYear\ArgonAssault_Game_Build\ArgonAssaultGameBuild\ArgonAssualt\Library\PackageCache\com.unity.visualscripting@1.6.1\Editor\VisualScripting.Core\Dependencies\YamlDotNet\Unity.VisualScripting.YamlDotNet.dll
Symbol file LoadedFromMemory doesn't match image D:\Game_and_Sim\2ndYear\ArgonAssault_Game_Build\ArgonAssaultGameBuild\ArgonAssualt\Library\PackageCache\com.unity.visualscripting@1.6.1\Editor\VisualScripting.Core\Dependencies\DotNetZip\Unity.VisualScripting.IonicZip.dll
Native extension for WindowsStandalone target not found
Native extension for WebGL target not found
Refreshing native plugins compatible for Editor in 0.53 ms, found 1 plugins.
Preloading 0 native plugins for Editor in 0.00 ms.
Mono: successfully reloaded assembly
- Completed reload, in  1.128 seconds
Platform modules already initialized, skipping
Refreshing native plugins compatible for Editor in 1.16 ms, found 1 plugins.
Preloading 0 native plugins for Editor in 0.00 ms.
Unloading 2830 Unused Serialized files (Serialized files now loaded: 0)
System memory in use before: 222.9 MB.
System memory in use after: 222.9 MB.

Unloading 12 unused Assets to reduce memory usage. Loaded Objects now: 3655.
Total: 5.133600 ms (FindLiveObjects: 0.370900 ms CreateObjectMapping: 0.398300 ms MarkObjects: 4.209400 ms  DeleteObjects: 0.153600 ms)

========================================================================
Received Import Request.
  Time since last request: 99.835503 seconds.
  path: Assets/Scripts/SelfDestruct.cs
  artifactKey: Guid(c79bc7c46b1342748af499484484f67e) Importer(815301076,1909f56bfc062723c751e8b465ee728b)
Start importing Assets/Scripts/SelfDestruct.cs using Guid(c79bc7c46b1342748af499484484f67e) Importer(815301076,1909f56bfc062723c751e8b465ee728b)  -> (artifact id: '212026b6dd16c028ccbffc1542b3e6f1') in 0.011917 seconds 
========================================================================
Received Import Request.
  Time since last request: 6.395868 seconds.
  path: Assets/SpritesAndAssets/Particles/Particle Square 2.mat
  artifactKey: Guid(0286de353c7e5f440bcb0d54ba1c3f54) Importer(815301076,1909f56bfc062723c751e8b465ee728b)
Start importing Assets/SpritesAndAssets/Particles/Particle Square 2.mat using Guid(0286de353c7e5f440bcb0d54ba1c3f54) Importer(815301076,1909f56bfc062723c751e8b465ee728b)  -> (artifact id: '7ae8259f7c6f90da2b364e01d928c692') in 0.083942 seconds 
========================================================================
Received Import Request.
  Time since last request: 19.227966 seconds.
  path: Assets/Prefabs/EnemyExplosionVFX.prefab
  artifactKey: Guid(174e1bda82b15fe4a805fd5923526577) Importer(815301076,1909f56bfc062723c751e8b465ee728b)
Start importing Assets/Prefabs/EnemyExplosionVFX.prefab using Guid(174e1bda82b15fe4a805fd5923526577) Importer(815301076,1909f56bfc062723c751e8b465ee728b)  -> (artifact id: '888dd6d7d691e2561eee311d023c9e4d') in 0.018084 seconds 
========================================================================
Received Prepare
Registering precompiled user dll's ...
Registered in 0.002622 seconds.
Begin MonoManager ReloadAssembly
Symbol file LoadedFromMemory doesn't match image D:\Game_and_Sim\2ndYear\ArgonAssault_Game_Build\ArgonAssaultGameBuild\ArgonAssualt\Library\PackageCache\com.unity.visualscripting@1.6.1\Editor\VisualScripting.Core\Dependencies\YamlDotNet\Unity.VisualScripting.YamlDotNet.dll
Symbol file LoadedFromMemory doesn't match image D:\Game_and_Sim\2ndYear\ArgonAssault_Game_Build\ArgonAssaultGameBuild\ArgonAssualt\Library\PackageCache\com.unity.visualscripting@1.6.1\Editor\VisualScripting.Core\Dependencies\DotNetZip\Unity.VisualScripting.IonicZip.dll
Native extension for WindowsStandalone target not found
Native extension for WebGL target not found
Refreshing native plugins compatible for Editor in 0.52 ms, found 1 plugins.
Preloading 0 native plugins for Editor in 0.00 ms.
Mono: successfully reloaded assembly
- Completed reload, in  1.024 seconds
Platform modules already initialized, skipping
Refreshing native plugins compatible for Editor in 0.51 ms, found 1 plugins.
Preloading 0 native plugins for Editor in 0.00 ms.
Unloading 2830 Unused Serialized files (Serialized files now loaded: 0)
System memory in use before: 222.9 MB.
System memory in use after: 222.9 MB.

Unloading 12 unused Assets to reduce memory usage. Loaded Objects now: 3669.
Total: 2.333300 ms (FindLiveObjects: 0.251100 ms CreateObjectMapping: 0.128300 ms MarkObjects: 1.814700 ms  DeleteObjects: 0.138300 ms)

========================================================================
Received Prepare
Registering precompiled user dll's ...
Registered in 0.002228 seconds.
Begin MonoManager ReloadAssembly
Symbol file LoadedFromMemory doesn't match image D:\Game_and_Sim\2ndYear\ArgonAssault_Game_Build\ArgonAssaultGameBuild\ArgonAssualt\Library\PackageCache\com.unity.visualscripting@1.6.1\Editor\VisualScripting.Core\Dependencies\YamlDotNet\Unity.VisualScripting.YamlDotNet.dll
Symbol file LoadedFromMemory doesn't match image D:\Game_and_Sim\2ndYear\ArgonAssault_Game_Build\ArgonAssaultGameBuild\ArgonAssualt\Library\PackageCache\com.unity.visualscripting@1.6.1\Editor\VisualScripting.Core\Dependencies\DotNetZip\Unity.VisualScripting.IonicZip.dll
Native extension for WindowsStandalone target not found
Native extension for WebGL target not found
Refreshing native plugins compatible for Editor in 0.52 ms, found 1 plugins.
Preloading 0 native plugins for Editor in 0.00 ms.
Mono: successfully reloaded assembly
- Completed reload, in  1.072 seconds
Platform modules already initialized, skipping
Refreshing native plugins compatible for Editor in 0.63 ms, found 1 plugins.
Preloading 0 native plugins for Editor in 0.00 ms.
Unloading 2830 Unused Serialized files (Serialized files now loaded: 0)
System memory in use before: 223.0 MB.
System memory in use after: 223.0 MB.

Unloading 12 unused Assets to reduce memory usage. Loaded Objects now: 3672.
Total: 3.242100 ms (FindLiveObjects: 0.310400 ms CreateObjectMapping: 0.206300 ms MarkObjects: 2.465200 ms  DeleteObjects: 0.258400 ms)

========================================================================
Received Prepare
Registering precompiled user dll's ...
Registered in 0.002056 seconds.
Begin MonoManager ReloadAssembly
Symbol file LoadedFromMemory doesn't match image D:\Game_and_Sim\2ndYear\ArgonAssault_Game_Build\ArgonAssaultGameBuild\ArgonAssualt\Library\PackageCache\com.unity.visualscripting@1.6.1\Editor\VisualScripting.Core\Dependencies\YamlDotNet\Unity.VisualScripting.YamlDotNet.dll
Symbol file LoadedFromMemory doesn't match image D:\Game_and_Sim\2ndYear\ArgonAssault_Game_Build\ArgonAssaultGameBuild\ArgonAssualt\Library\PackageCache\com.unity.visualscripting@1.6.1\Editor\VisualScripting.Core\Dependencies\DotNetZip\Unity.VisualScripting.IonicZip.dll
Native extension for WindowsStandalone target not found
Native extension for WebGL target not found
Refreshing native plugins compatible for Editor in 0.52 ms, found 1 plugins.
Preloading 0 native plugins for Editor in 0.00 ms.
Mono: successfully reloaded assembly
- Completed reload, in  0.980 seconds
Platform modules already initialized, skipping
Refreshing native plugins compatible for Editor in 0.51 ms, found 1 plugins.
Preloading 0 native plugins for Editor in 0.00 ms.
Unloading 2830 Unused Serialized files (Serialized files now loaded: 0)
System memory in use before: 223.0 MB.
System memory in use after: 223.0 MB.

Unloading 12 unused Assets to reduce memory usage. Loaded Objects now: 3675.
Total: 2.090200 ms (FindLiveObjects: 0.249400 ms CreateObjectMapping: 0.129900 ms MarkObjects: 1.564900 ms  DeleteObjects: 0.144800 ms)

========================================================================
Received Import Request.
  Time since last request: 456.790385 seconds.
  path: Assets/Prefabs/PlayerRig.prefab
  artifactKey: Guid(d9ccb49f2673f5f4e95aed3d2a858b86) Importer(815301076,1909f56bfc062723c751e8b465ee728b)
Start importing Assets/Prefabs/PlayerRig.prefab using Guid(d9ccb49f2673f5f4e95aed3d2a858b86) Importer(815301076,1909f56bfc062723c751e8b465ee728b)  -> (artifact id: '7be365093ef67f4768d6adee8ab9f5a6') in 0.076453 seconds 
========================================================================
Received Import Request.
  Time since last request: 0.000218 seconds.
  path: Assets/Prefabs/Player.prefab
  artifactKey: Guid(0cbab9a66454d814fa1ee4253ad47c77) Importer(815301076,1909f56bfc062723c751e8b465ee728b)
Start importing Assets/Prefabs/Player.prefab using Guid(0cbab9a66454d814fa1ee4253ad47c77) Importer(815301076,1909f56bfc062723c751e8b465ee728b)  -> (artifact id: '54787eacd62e87942ce6180d28611dd4') in 0.050574 seconds 
========================================================================
Received Prepare
Registering precompiled user dll's ...
Registered in 0.002585 seconds.
Begin MonoManager ReloadAssembly
Symbol file LoadedFromMemory doesn't match image D:\Game_and_Sim\2ndYear\ArgonAssault_Game_Build\ArgonAssaultGameBuild\ArgonAssualt\Library\PackageCache\com.unity.visualscripting@1.6.1\Editor\VisualScripting.Core\Dependencies\YamlDotNet\Unity.VisualScripting.YamlDotNet.dll
Symbol file LoadedFromMemory doesn't match image D:\Game_and_Sim\2ndYear\ArgonAssault_Game_Build\ArgonAssaultGameBuild\ArgonAssualt\Library\PackageCache\com.unity.visualscripting@1.6.1\Editor\VisualScripting.Core\Dependencies\DotNetZip\Unity.VisualScripting.IonicZip.dll
Native extension for WindowsStandalone target not found
Native extension for WebGL target not found
Refreshing native plugins compatible for Editor in 0.53 ms, found 1 plugins.
Preloading 0 native plugins for Editor in 0.00 ms.
Mono: successfully reloaded assembly
- Completed reload, in  1.003 seconds
Platform modules already initialized, skipping
Refreshing native plugins compatible for Editor in 0.51 ms, found 1 plugins.
Preloading 0 native plugins for Editor in 0.00 ms.
Unloading 2830 Unused Serialized files (Serialized files now loaded: 0)
System memory in use before: 223.0 MB.
System memory in use after: 223.0 MB.

Unloading 12 unused Assets to reduce memory usage. Loaded Objects now: 3679.
Total: 2.092500 ms (FindLiveObjects: 0.243200 ms CreateObjectMapping: 0.125200 ms MarkObjects: 1.583000 ms  DeleteObjects: 0.140100 ms)

========================================================================
Received Import Request.
  Time since last request: 276.785171 seconds.
  path: Assets/Scripts/ScoreBoard.cs
  artifactKey: Guid(96091895eb29b21429ec2456d617fc1b) Importer(815301076,1909f56bfc062723c751e8b465ee728b)
Start importing Assets/Scripts/ScoreBoard.cs using Guid(96091895eb29b21429ec2456d617fc1b) Importer(815301076,1909f56bfc062723c751e8b465ee728b)  -> (artifact id: '6d52fcd2410555b5b3fa6586b536a6f2') in 0.017718 seconds 
========================================================================
Received Prepare
Registering precompiled user dll's ...
Registered in 0.001992 seconds.
Begin MonoManager ReloadAssembly
Symbol file LoadedFromMemory doesn't match image D:\Game_and_Sim\2ndYear\ArgonAssault_Game_Build\ArgonAssaultGameBuild\ArgonAssualt\Library\PackageCache\com.unity.visualscripting@1.6.1\Editor\VisualScripting.Core\Dependencies\YamlDotNet\Unity.VisualScripting.YamlDotNet.dll
Symbol file LoadedFromMemory doesn't match image D:\Game_and_Sim\2ndYear\ArgonAssault_Game_Build\ArgonAssaultGameBuild\ArgonAssualt\Library\PackageCache\com.unity.visualscripting@1.6.1\Editor\VisualScripting.Core\Dependencies\DotNetZip\Unity.VisualScripting.IonicZip.dll
Native extension for WindowsStandalone target not found
Native extension for WebGL target not found
Refreshing native plugins compatible for Editor in 0.52 ms, found 1 plugins.
Preloading 0 native plugins for Editor in 0.00 ms.
Mono: successfully reloaded assembly
- Completed reload, in  1.087 seconds
Platform modules already initialized, skipping
Refreshing native plugins compatible for Editor in 0.56 ms, found 1 plugins.
Preloading 0 native plugins for Editor in 0.00 ms.
Unloading 2831 Unused Serialized files (Serialized files now loaded: 0)
System memory in use before: 223.0 MB.
System memory in use after: 223.1 MB.

Unloading 12 unused Assets to reduce memory usage. Loaded Objects now: 3683.
Total: 2.191800 ms (FindLiveObjects: 0.251600 ms CreateObjectMapping: 0.147000 ms MarkObjects: 1.653200 ms  DeleteObjects: 0.139200 ms)

========================================================================
Received Prepare
Registering precompiled user dll's ...
Registered in 0.002089 seconds.
Begin MonoManager ReloadAssembly
Symbol file LoadedFromMemory doesn't match image D:\Game_and_Sim\2ndYear\ArgonAssault_Game_Build\ArgonAssaultGameBuild\ArgonAssualt\Library\PackageCache\com.unity.visualscripting@1.6.1\Editor\VisualScripting.Core\Dependencies\YamlDotNet\Unity.VisualScripting.YamlDotNet.dll
Symbol file LoadedFromMemory doesn't match image D:\Game_and_Sim\2ndYear\ArgonAssault_Game_Build\ArgonAssaultGameBuild\ArgonAssualt\Library\PackageCache\com.unity.visualscripting@1.6.1\Editor\VisualScripting.Core\Dependencies\DotNetZip\Unity.VisualScripting.IonicZip.dll
Native extension for WindowsStandalone target not found
Native extension for WebGL target not found
Refreshing native plugins compatible for Editor in 0.54 ms, found 1 plugins.
Preloading 0 native plugins for Editor in 0.00 ms.
Mono: successfully reloaded assembly
- Completed reload, in  1.154 seconds
Platform modules already initialized, skipping
Refreshing native plugins compatible for Editor in 0.59 ms, found 1 plugins.
Preloading 0 native plugins for Editor in 0.00 ms.
Unloading 2831 Unused Serialized files (Serialized files now loaded: 0)
System memory in use before: 223.0 MB.
System memory in use after: 223.1 MB.

Unloading 12 unused Assets to reduce memory usage. Loaded Objects now: 3686.
Total: 2.091200 ms (FindLiveObjects: 0.248400 ms CreateObjectMapping: 0.141000 ms MarkObjects: 1.558900 ms  DeleteObjects: 0.142300 ms)

========================================================================
Received Import Request.
  Time since last request: 138.941715 seconds.
  path: Assets/Scripts/ScoreBoard.cs
  artifactKey: Guid(96091895eb29b21429ec2456d617fc1b) Importer(815301076,1909f56bfc062723c751e8b465ee728b)
Start importing Assets/Scripts/ScoreBoard.cs using Guid(96091895eb29b21429ec2456d617fc1b) Importer(815301076,1909f56bfc062723c751e8b465ee728b)  -> (artifact id: 'f1508e5a606c53a8f97a346b8761b827') in 0.008669 seconds 
========================================================================
Received Prepare
Registering precompiled user dll's ...
Registered in 0.002133 seconds.
Begin MonoManager ReloadAssembly
Symbol file LoadedFromMemory doesn't match image D:\Game_and_Sim\2ndYear\ArgonAssault_Game_Build\ArgonAssaultGameBuild\ArgonAssualt\Library\PackageCache\com.unity.visualscripting@1.6.1\Editor\VisualScripting.Core\Dependencies\YamlDotNet\Unity.VisualScripting.YamlDotNet.dll
Symbol file LoadedFromMemory doesn't match image D:\Game_and_Sim\2ndYear\ArgonAssault_Game_Build\ArgonAssaultGameBuild\ArgonAssualt\Library\PackageCache\com.unity.visualscripting@1.6.1\Editor\VisualScripting.Core\Dependencies\DotNetZip\Unity.VisualScripting.IonicZip.dll
Native extension for WindowsStandalone target not found
Native extension for WebGL target not found
Refreshing native plugins compatible for Editor in 0.53 ms, found 1 plugins.
Preloading 0 native plugins for Editor in 0.00 ms.
Mono: successfully reloaded assembly
- Completed reload, in  1.149 seconds
Platform modules already initialized, skipping
Refreshing native plugins compatible for Editor in 0.52 ms, found 1 plugins.
Preloading 0 native plugins for Editor in 0.00 ms.
Unloading 2831 Unused Serialized files (Serialized files now loaded: 0)
System memory in use before: 223.1 MB.
System memory in use after: 223.1 MB.

Unloading 12 unused Assets to reduce memory usage. Loaded Objects now: 3689.
Total: 2.131300 ms (FindLiveObjects: 0.255400 ms CreateObjectMapping: 0.145800 ms MarkObjects: 1.588100 ms  DeleteObjects: 0.141400 ms)

========================================================================
Received Prepare
Registering precompiled user dll's ...
Registered in 0.005937 seconds.
Begin MonoManager ReloadAssembly
Symbol file LoadedFromMemory doesn't match image D:\Game_and_Sim\2ndYear\ArgonAssault_Game_Build\ArgonAssaultGameBuild\ArgonAssualt\Library\PackageCache\com.unity.visualscripting@1.6.1\Editor\VisualScripting.Core\Dependencies\YamlDotNet\Unity.VisualScripting.YamlDotNet.dll
Symbol file LoadedFromMemory doesn't match image D:\Game_and_Sim\2ndYear\ArgonAssault_Game_Build\ArgonAssaultGameBuild\ArgonAssualt\Library\PackageCache\com.unity.visualscripting@1.6.1\Editor\VisualScripting.Core\Dependencies\DotNetZip\Unity.VisualScripting.IonicZip.dll
Native extension for WindowsStandalone target not found
Native extension for WebGL target not found
Refreshing native plugins compatible for Editor in 1.15 ms, found 1 plugins.
Preloading 0 native plugins for Editor in 0.00 ms.
Mono: successfully reloaded assembly
- Completed reload, in  1.158 seconds
Platform modules already initialized, skipping
Refreshing native plugins compatible for Editor in 0.59 ms, found 1 plugins.
Preloading 0 native plugins for Editor in 0.00 ms.
Unloading 2831 Unused Serialized files (Serialized files now loaded: 0)
System memory in use before: 223.1 MB.
System memory in use after: 223.1 MB.

Unloading 12 unused Assets to reduce memory usage. Loaded Objects now: 3692.
Total: 2.392200 ms (FindLiveObjects: 0.242100 ms CreateObjectMapping: 0.130600 ms MarkObjects: 1.858200 ms  DeleteObjects: 0.160200 ms)

========================================================================
Received Import Request.
  Time since last request: 1134.617292 seconds.
  path: Assets/Scenes/MainMenu.unity
  artifactKey: Guid(e78683ee9b3c9b54c8dac3117cda7402) Importer(815301076,1909f56bfc062723c751e8b465ee728b)
Start importing Assets/Scenes/MainMenu.unity using Guid(e78683ee9b3c9b54c8dac3117cda7402) Importer(815301076,1909f56bfc062723c751e8b465ee728b)  -> (artifact id: 'beba4e1d14549cce0c0756942be7ae07') in 0.021608 seconds 
========================================================================
Received Import Request.
  Time since last request: 49.418005 seconds.
  path: Assets/Scenes/Level1.unity
  artifactKey: Guid(9fc0d4010bbf28b4594072e72b8655ab) Importer(815301076,1909f56bfc062723c751e8b465ee728b)
Start importing Assets/Scenes/Level1.unity using Guid(9fc0d4010bbf28b4594072e72b8655ab) Importer(815301076,1909f56bfc062723c751e8b465ee728b)  -> (artifact id: '010cee56236a170abd45dc1a8300522f') in 0.005010 seconds 
========================================================================
Received Import Request.
  Time since last request: 74.258913 seconds.
  path: Assets/Prefabs/Canvas.prefab
  artifactKey: Guid(800c4db32c6cc614bb2e82128d0ecf0a) Importer(815301076,1909f56bfc062723c751e8b465ee728b)
Start importing Assets/Prefabs/Canvas.prefab using Guid(800c4db32c6cc614bb2e82128d0ecf0a) Importer(815301076,1909f56bfc062723c751e8b465ee728b)  -> (artifact id: 'd4a94c2f5b51348389867aed6aeddbb0') in 0.078188 seconds 
========================================================================
Received Prepare
Registering precompiled user dll's ...
Registered in 0.002095 seconds.
Begin MonoManager ReloadAssembly
Symbol file LoadedFromMemory doesn't match image D:\Game_and_Sim\2ndYear\ArgonAssault_Game_Build\ArgonAssaultGameBuild\ArgonAssualt\Library\PackageCache\com.unity.visualscripting@1.6.1\Editor\VisualScripting.Core\Dependencies\YamlDotNet\Unity.VisualScripting.YamlDotNet.dll
Symbol file LoadedFromMemory doesn't match image D:\Game_and_Sim\2ndYear\ArgonAssault_Game_Build\ArgonAssaultGameBuild\ArgonAssualt\Library\PackageCache\com.unity.visualscripting@1.6.1\Editor\VisualScripting.Core\Dependencies\DotNetZip\Unity.VisualScripting.IonicZip.dll
Native extension for WindowsStandalone target not found
Native extension for WebGL target not found
Refreshing native plugins compatible for Editor in 0.54 ms, found 1 plugins.
Preloading 0 native plugins for Editor in 0.00 ms.
Mono: successfully reloaded assembly
- Completed reload, in  1.026 seconds
Platform modules already initialized, skipping
Refreshing native plugins compatible for Editor in 0.61 ms, found 1 plugins.
Preloading 0 native plugins for Editor in 0.00 ms.
Unloading 2831 Unused Serialized files (Serialized files now loaded: 0)
System memory in use before: 223.1 MB.
System memory in use after: 223.1 MB.

Unloading 12 unused Assets to reduce memory usage. Loaded Objects now: 3695.
Total: 2.655300 ms (FindLiveObjects: 0.431000 ms CreateObjectMapping: 0.222400 ms MarkObjects: 1.849500 ms  DeleteObjects: 0.151000 ms)

========================================================================
Received Import Request.
  Time since last request: 25.555311 seconds.
  path: Assets/Prefabs/SpawnAtRuntime.prefab
  artifactKey: Guid(74350903070c15647a6741e3205217cf) Importer(815301076,1909f56bfc062723c751e8b465ee728b)
Start importing Assets/Prefabs/SpawnAtRuntime.prefab using Guid(74350903070c15647a6741e3205217cf) Importer(815301076,1909f56bfc062723c751e8b465ee728b)  -> (artifact id: '4bbccd875ca1986e99633105b95c9aef') in 0.024778 seconds 
========================================================================
Received Import Request.
  Time since last request: 8.199002 seconds.
  path: Assets/Prefabs/Directional Light.prefab
  artifactKey: Guid(948d30ef0389f8e4098141f38bcdf135) Importer(815301076,1909f56bfc062723c751e8b465ee728b)
Start importing Assets/Prefabs/Directional Light.prefab using Guid(948d30ef0389f8e4098141f38bcdf135) Importer(815301076,1909f56bfc062723c751e8b465ee728b)  -> (artifact id: 'addceb7dd4df7e02cd696ac2d57bf45e') in 0.009216 seconds 
========================================================================
Received Import Request.
  Time since last request: 25.111289 seconds.
  path: Assets/SpritesAndAssets/Standard Assets/Environment/Water/Water/Materials/WaterProNighttime.mat
  artifactKey: Guid(e633a20421c47426aa04444234225b69) Importer(815301076,1909f56bfc062723c751e8b465ee728b)
Start importing Assets/SpritesAndAssets/Standard Assets/Environment/Water/Water/Materials/WaterProNighttime.mat using Guid(e633a20421c47426aa04444234225b69) Importer(815301076,1909f56bfc062723c751e8b465ee728b)  -> (artifact id: '2afb72c6ad9b4a9677a0f3b4edc9ba8b') in 0.056330 seconds 
========================================================================
Received Import Request.
  Time since last request: 1.162654 seconds.
  path: Assets/SpritesAndAssets/Standard Assets/Environment/Water (Basic)/Materials/WaterDefault.mat
  artifactKey: Guid(30abebfd9bf1c49d8a2d26e61e66bc15) Importer(815301076,1909f56bfc062723c751e8b465ee728b)
Start importing Assets/SpritesAndAssets/Standard Assets/Environment/Water (Basic)/Materials/WaterDefault.mat using Guid(30abebfd9bf1c49d8a2d26e61e66bc15) Importer(815301076,1909f56bfc062723c751e8b465ee728b)  -> (artifact id: '81da08a78ba7327366778c698b8b7566') in 0.140649 seconds 
========================================================================
Received Import Request.
  Time since last request: 0.000229 seconds.
  path: Assets/SpritesAndAssets/Standard Assets/Environment/Water (Basic)/Materials/WaterBasicDaytime.mat
  artifactKey: Guid(52b7d70b1de7c4ce09662b77c14d9fda) Importer(815301076,1909f56bfc062723c751e8b465ee728b)
Start importing Assets/SpritesAndAssets/Standard Assets/Environment/Water (Basic)/Materials/WaterBasicDaytime.mat using Guid(52b7d70b1de7c4ce09662b77c14d9fda) Importer(815301076,1909f56bfc062723c751e8b465ee728b)  -> (artifact id: '5e5bb2a0322ccf95999b893d3160de1a') in 0.031099 seconds 
========================================================================
Received Import Request.
  Time since last request: 0.000264 seconds.
  path: Assets/SpritesAndAssets/Standard Assets/Environment/Water/Water/Materials/WaterProDaytime.mat
  artifactKey: Guid(7350b65a6431f604a8496c39db1ac9c5) Importer(815301076,1909f56bfc062723c751e8b465ee728b)
Start importing Assets/SpritesAndAssets/Standard Assets/Environment/Water/Water/Materials/WaterProDaytime.mat using Guid(7350b65a6431f604a8496c39db1ac9c5) Importer(815301076,1909f56bfc062723c751e8b465ee728b)  -> (artifact id: '44af48cff6dd7884ffccf501f42167b4') in 0.027877 seconds 
========================================================================
Received Import Request.
  Time since last request: 0.000234 seconds.
  path: Assets/SpritesAndAssets/Standard Assets/Environment/Water/Water/Materials/WaterPlaneMaterial.mat
  artifactKey: Guid(f1bc741ea0e69a241896582ddb633d55) Importer(815301076,1909f56bfc062723c751e8b465ee728b)
Start importing Assets/SpritesAndAssets/Standard Assets/Environment/Water/Water/Materials/WaterPlaneMaterial.mat using Guid(f1bc741ea0e69a241896582ddb633d55) Importer(815301076,1909f56bfc062723c751e8b465ee728b)  -> (artifact id: 'ce5682cc302f4f75802080e4b3860758') in 0.053697 seconds 
========================================================================
Received Import Request.
  Time since last request: 0.000200 seconds.
  path: Assets/SpritesAndAssets/Standard Assets/Environment/Water (Basic)/Materials/WaterBasicNighttime.mat
  artifactKey: Guid(c55afdc4a8a3b4890b07cc7d176510bb) Importer(815301076,1909f56bfc062723c751e8b465ee728b)
Start importing Assets/SpritesAndAssets/Standard Assets/Environment/Water (Basic)/Materials/WaterBasicNighttime.mat using Guid(c55afdc4a8a3b4890b07cc7d176510bb) Importer(815301076,1909f56bfc062723c751e8b465ee728b)  -> (artifact id: '8250e8102cc35c2052a93143fcec8993') in 0.033338 seconds 
========================================================================
Received Import Request.
  Time since last request: 0.000286 seconds.
  path: Assets/SpritesAndAssets/Standard Assets/Environment/Water/Water4/Materials/Water4Simple.mat
  artifactKey: Guid(656fde119942645aa8e062e04c119aa1) Importer(815301076,1909f56bfc062723c751e8b465ee728b)
Start importing Assets/SpritesAndAssets/Standard Assets/Environment/Water/Water4/Materials/Water4Simple.mat using Guid(656fde119942645aa8e062e04c119aa1) Importer(815301076,1909f56bfc062723c751e8b465ee728b)  -> (artifact id: 'e2dd575334f8a0d4b228c4b3d0934abb') in 0.037745 seconds 
========================================================================
Received Import Request.
  Time since last request: 0.076355 seconds.
  path: Assets/SpritesAndAssets/Standard Assets/Environment/Water/Water4/Materials/Water4Advanced.mat
  artifactKey: Guid(a5f2339f242f6cc41a982ec55ea3c201) Importer(815301076,1909f56bfc062723c751e8b465ee728b)
Start importing Assets/SpritesAndAssets/Standard Assets/Environment/Water/Water4/Materials/Water4Advanced.mat using Guid(a5f2339f242f6cc41a982ec55ea3c201) Importer(815301076,1909f56bfc062723c751e8b465ee728b)  -> (artifact id: '437651e109498d5cbfe0fe71f9cdfb69') in 0.018260 seconds 
========================================================================
Received Import Request.
  Time since last request: 0.664520 seconds.
  path: Assets/SpritesAndAssets/Particles/Particle Square 2.mat
  artifactKey: Guid(0286de353c7e5f440bcb0d54ba1c3f54) Importer(815301076,1909f56bfc062723c751e8b465ee728b)
Start importing Assets/SpritesAndAssets/Particles/Particle Square 2.mat using Guid(0286de353c7e5f440bcb0d54ba1c3f54) Importer(815301076,1909f56bfc062723c751e8b465ee728b)  -> (artifact id: '38cfbaecd3d8be36f9690f8d8a000a2e') in 0.027472 seconds 
========================================================================
Received Import Request.
  Time since last request: 0.335201 seconds.
  path: Assets/SpritesAndAssets/TextMesh Pro/Resources/Fonts & Materials/LiberationSans SDF - Fallback.asset
  artifactKey: Guid(2e498d1c8094910479dc3e1b768306a4) Importer(815301076,1909f56bfc062723c751e8b465ee728b)
Start importing Assets/SpritesAndAssets/TextMesh Pro/Resources/Fonts & Materials/LiberationSans SDF - Fallback.asset using Guid(2e498d1c8094910479dc3e1b768306a4) Importer(815301076,1909f56bfc062723c751e8b465ee728b)  -> (artifact id: '5192de1fe62551e82ffcb0e065586155') in 0.077524 seconds 
AssetImportWorkerClient::OnTransportError - code=2 error=End of file
